[18:32:00] [Client thread/INFO]: Setting user: Player988
[18:32:00] [Client thread/INFO]: (Session ID is token:0:Player988)
[18:32:03] [Client thread/INFO]: LWJGL Version: 2.9.2
[18:32:03] [Client thread/INFO]: Reloading ResourceManager: Default
[18:32:04] [Sound Library Loader/INFO]: Starting up SoundSystem...
[18:32:04] [Thread-4/INFO]: Initializing LWJGL OpenAL
[18:32:04] [Thread-4/INFO]: (The LWJGL binding of OpenAL.  For more information, see http://www.lwjgl.org)
[18:32:04] [Thread-4/INFO]: OpenAL initialized.
[18:32:05] [Sound Library Loader/INFO]: Sound engine started
[18:32:09] [Client thread/INFO]: Created: 512x512 textures-atlas
[18:32:34] [Client thread/INFO]: Reloading ResourceManager: Default
[18:32:35] [Client thread/INFO]: SoundSystem shutting down...
[18:32:35] [Client thread/WARN]: Author: Paul Lamb, www.paulscode.com
[18:32:35] [Sound Library Loader/INFO]: Starting up SoundSystem...
[18:32:35] [Thread-6/INFO]: Initializing LWJGL OpenAL
[18:32:35] [Thread-6/INFO]: (The LWJGL binding of OpenAL.  For more information, see http://www.lwjgl.org)
[18:32:35] [Thread-6/INFO]: OpenAL initialized.
[18:32:35] [Sound Library Loader/INFO]: Sound engine started
[18:32:36] [Client thread/INFO]: Created: 512x512 textures-atlas
[18:32:37] [Client thread/INFO]: Stopping!
[18:32:37] [Client thread/INFO]: SoundSystem shutting down...
[18:32:37] [Client thread/WARN]: Author: Paul Lamb, www.paulscode.com
